===================================================
Extract reads that align to given region
Package all necessary files to reproduce error
===================================================
[ Input ]
[+] Extracting from draft genome assembly coords: tig00000001:200000-202000
[+] BAM file (reads.fa aligned to draft.fa): ./example_data/reads.sorted.bam
[+] Readdb file: ./example_data/albacore-2.0.1-merged.fastq.fa.gz.readdb
[+] Draft genome assembly (draft.fa): ./example_data/ecoli.contigs.fasta
[+] FASTA/Q file (reads.fa): ./example_data/albacore-2.0.1-merged.fastq.fa.gz
[+] Output prefix: ecoli_2kb_region
[ Input check ]
[ Validated input ] All input files exist, are not-empty, and are readable.
[ Extracting info on reads aligned to region ] 	tig00000001:200000-202000
[ Reading readdb file ]
[ Writing to a new BAM file ] 	reads.bam
[ Writing to a new BAI file ] 	reads.bam.bai
[ Writing to a new fasta file ]	reads.fasta
[ Creating a tar.gz file ] 	ecoli_2kb_region.tar.gz
[+] FAST5 files: ecoli_2kb_region/fast5_files/<FAST5 file(s)>
[+] New FASTA: ecoli_2kb_region/reads.fasta
[+] New BAM: ecoli_2kb_region/reads.bam
[+] New BAI: ecoli_2kb_region/reads.bam.bai
[+] Original draft ga: ecoli_2kb_region/draft.fa
[+] Original draft ga index: ecoli_2kb_region/draft.fa.fai
[ Output check ] 
[+] Num reads in new BAM: 	112
[+] Num reads in new FASTA: 	112
[+] Num files in fast5_files/: 	112
[ Output validated ] Number of reads in the new bam, new fasta, and num of fast5 files tarred are equal!
